TN:
SF:src/modules/appointments/services/createAppointmentService.ts
FN:39,__decorate
FN:39,__metadata
FN:39,__param
FN:39,__awaiter
FN:39,adopt
FN:39,fulfilled
FN:39,rejected
FN:39,step
FN:39,__generator
FN:39,sent
FN:39,g.<computed>
FN:39,verb
FN:39,step
FN:39,__importDefault
FN:15,CreateAppointmentService
FN:20,CreateAppointmentService.execute
FNF:16
FNH:14
FNDA:1,__decorate
FNDA:1,__metadata
FNDA:1,__param
FNDA:3,__awaiter
FNDA:5,adopt
FNDA:5,fulfilled
FNDA:0,rejected
FNDA:7,step
FNDA:3,__generator
FNDA:5,sent
FNDA:0,g.<computed>
FNDA:9,verb
FNDA:8,step
FNDA:1,__importDefault
FNDA:2,CreateAppointmentService
FNDA:3,CreateAppointmentService.execute
DA:1,1
DA:2,1
DA:3,1
DA:4,1
DA:5,1
DA:6,1
DA:7,1
DA:8,1
DA:9,1
DA:10,1
DA:11,1
DA:12,1
DA:13,1
DA:14,1
DA:15,1
DA:16,2
DA:17,2
DA:18,2
DA:19,1
DA:20,1
DA:21,3
DA:22,3
DA:23,3
DA:24,3
DA:25,3
DA:26,3
DA:27,3
DA:28,1
DA:29,1
DA:30,2
DA:31,2
DA:32,2
DA:33,2
DA:34,2
DA:35,3
DA:36,3
DA:37,1
DA:38,1
DA:39,1
LF:39
LH:39
BRDA:39,0,0,1
BRDA:39,1,0,1
BRDA:39,2,0,0
BRDA:39,3,0,0
BRDA:39,4,0,0
BRDA:39,5,0,0
BRDA:39,6,0,1
BRDA:39,7,0,1
BRDA:39,8,0,1
BRDA:39,9,0,3
BRDA:39,10,0,5
BRDA:39,11,0,0
BRDA:39,12,0,3
BRDA:39,13,0,5
BRDA:39,14,0,1
BRDA:39,15,0,7
BRDA:39,16,0,2
BRDA:39,17,0,5
BRDA:39,18,0,3
BRDA:39,19,0,5
BRDA:39,20,0,0
BRDA:39,21,0,9
BRDA:39,22,0,8
BRDA:39,23,0,8
BRDA:39,24,0,0
BRDA:39,25,0,16
BRDA:39,26,0,0
BRDA:39,27,0,0
BRDA:39,28,0,0
BRDA:39,29,0,0
BRDA:39,30,0,8
BRDA:39,31,0,8
BRDA:39,32,0,5
BRDA:39,33,0,0
BRDA:39,34,0,0
BRDA:39,35,0,3
BRDA:39,36,0,0
BRDA:39,37,0,2
BRDA:39,38,0,0
BRDA:39,39,0,0
BRDA:39,40,0,0
BRDA:39,41,0,0
BRDA:39,42,0,8
BRDA:39,43,0,1
BRDA:39,44,0,8
BRDA:39,45,0,3
BRDA:39,46,0,1
BRDA:39,47,0,2
BRDA:39,48,0,0
BRDA:39,49,0,1
BRDA:39,50,0,0
BRDA:14,51,0,1
BRDA:15,52,0,2
BRDA:20,53,0,3
BRDA:39,54,0,3
BRDA:39,55,0,8
BRDA:39,56,0,3
BRDA:39,57,0,3
BRDA:27,58,0,1
BRDA:29,59,0,2
BRDA:39,60,0,2
BRF:61
BRH:41
end_of_record
TN:
SF:src/modules/users/services/AuthenticateUserService.ts
FN:51,__decorate
FN:51,__metadata
FN:51,__param
FN:51,__awaiter
FN:51,adopt
FN:51,fulfilled
FN:51,rejected
FN:51,step
FN:51,__generator
FN:51,sent
FN:51,g.<computed>
FN:51,verb
FN:51,step
FN:51,__importDefault
FN:21,AuthenticateUserService
FN:26,AuthenticateUserService.execute
FNF:16
FNH:14
FNDA:1,__decorate
FNDA:1,__metadata
FNDA:2,__param
FNDA:3,__awaiter
FNDA:5,adopt
FNDA:5,fulfilled
FNDA:0,rejected
FNDA:6,step
FNDA:3,__generator
FNDA:5,sent
FNDA:0,g.<computed>
FNDA:9,verb
FNDA:8,step
FNDA:2,__importDefault
FNDA:3,AuthenticateUserService
FNDA:3,AuthenticateUserService.execute
DA:1,1
DA:2,1
DA:3,1
DA:4,1
DA:5,1
DA:6,1
DA:7,1
DA:8,1
DA:9,1
DA:10,1
DA:11,1
DA:12,1
DA:13,1
DA:14,1
DA:15,1
DA:16,1
DA:17,1
DA:18,1
DA:19,1
DA:20,1
DA:21,1
DA:22,3
DA:23,3
DA:24,3
DA:25,1
DA:26,1
DA:27,3
DA:28,3
DA:29,3
DA:30,1
DA:31,1
DA:32,2
DA:33,2
DA:34,2
DA:35,2
DA:36,3
DA:37,1
DA:38,1
DA:39,1
DA:40,1
DA:41,1
DA:42,1
DA:43,1
DA:44,1
DA:45,1
DA:46,1
DA:47,1
DA:48,3
DA:49,1
DA:50,1
DA:51,1
LF:51
LH:51
BRDA:51,0,0,1
BRDA:51,1,0,1
BRDA:51,2,0,0
BRDA:51,3,0,0
BRDA:51,4,0,0
BRDA:51,5,0,0
BRDA:51,6,0,1
BRDA:51,7,0,2
BRDA:51,8,0,2
BRDA:51,9,0,3
BRDA:51,10,0,5
BRDA:51,11,0,0
BRDA:51,12,0,3
BRDA:51,13,0,5
BRDA:51,14,0,2
BRDA:51,15,0,6
BRDA:51,16,0,1
BRDA:51,17,0,5
BRDA:51,18,0,3
BRDA:51,19,0,5
BRDA:51,20,0,0
BRDA:51,21,0,9
BRDA:51,22,0,8
BRDA:51,23,0,8
BRDA:51,24,0,0
BRDA:51,25,0,16
BRDA:51,26,0,0
BRDA:51,27,0,0
BRDA:51,28,0,0
BRDA:51,29,0,0
BRDA:51,30,0,8
BRDA:51,31,0,8
BRDA:51,32,0,5
BRDA:51,33,0,0
BRDA:51,34,0,0
BRDA:51,35,0,3
BRDA:51,36,0,0
BRDA:51,37,0,1
BRDA:51,38,0,0
BRDA:51,39,0,0
BRDA:51,40,0,0
BRDA:51,41,0,0
BRDA:51,42,0,8
BRDA:51,43,0,2
BRDA:51,44,0,8
BRDA:51,45,0,3
BRDA:51,46,0,2
BRDA:51,47,0,1
BRDA:51,48,0,0
BRDA:51,49,0,2
BRDA:51,50,0,0
BRDA:20,51,0,1
BRDA:21,52,0,3
BRDA:26,53,0,3
BRDA:51,54,0,3
BRDA:51,55,0,8
BRDA:27,56,0,3
BRDA:51,57,0,3
BRDA:29,58,0,1
BRDA:31,59,0,2
BRDA:51,60,0,2
BRDA:36,61,0,1
BRF:62
BRH:42
end_of_record
TN:
SF:src/modules/users/services/UpdateUserAvatarService.ts
FN:38,__decorate
FN:38,__metadata
FN:38,__param
FN:38,__awaiter
FN:38,adopt
FN:38,fulfilled
FN:38,rejected
FN:38,step
FN:38,__generator
FN:38,sent
FN:38,g.<computed>
FN:38,verb
FN:38,step
FN:38,__importDefault
FN:13,UpdateUserAvatarService
FN:18,UpdateUserAvatarService.execute
FNF:16
FNH:14
FNDA:1,__decorate
FNDA:1,__metadata
FNDA:2,__param
FNDA:5,__awaiter
FNDA:14,adopt
FNDA:14,fulfilled
FNDA:0,rejected
FNDA:18,step
FNDA:5,__generator
FNDA:14,sent
FNDA:0,g.<computed>
FNDA:15,verb
FNDA:19,step
FNDA:1,__importDefault
FNDA:3,UpdateUserAvatarService
FNDA:5,UpdateUserAvatarService.execute
DA:1,1
DA:2,1
DA:3,1
DA:4,1
DA:5,1
DA:6,1
DA:7,1
DA:8,1
DA:9,1
DA:10,1
DA:11,1
DA:12,1
DA:13,1
DA:14,3
DA:15,3
DA:16,3
DA:17,1
DA:18,1
DA:19,5
DA:20,5
DA:21,5
DA:22,1
DA:23,1
DA:24,4
DA:25,4
DA:26,1
DA:27,5
DA:28,5
DA:29,5
DA:30,5
DA:31,5
DA:32,5
DA:33,5
DA:34,5
DA:35,5
DA:36,1
DA:37,1
DA:38,1
LF:38
LH:38
BRDA:38,0,0,1
BRDA:38,1,0,1
BRDA:38,2,0,0
BRDA:38,3,0,0
BRDA:38,4,0,0
BRDA:38,5,0,0
BRDA:38,6,0,1
BRDA:38,7,0,2
BRDA:38,8,0,2
BRDA:38,9,0,5
BRDA:38,10,0,14
BRDA:38,11,0,0
BRDA:38,12,0,5
BRDA:38,13,0,14
BRDA:38,14,0,1
BRDA:38,15,0,18
BRDA:38,16,0,4
BRDA:38,17,0,14
BRDA:38,18,0,5
BRDA:38,19,0,14
BRDA:38,20,0,0
BRDA:38,21,0,15
BRDA:38,22,0,19
BRDA:38,23,0,19
BRDA:38,24,0,0
BRDA:38,25,0,41
BRDA:38,26,0,0
BRDA:38,27,0,0
BRDA:38,28,0,0
BRDA:38,29,0,0
BRDA:38,30,0,19
BRDA:38,31,0,19
BRDA:38,32,0,14
BRDA:38,33,0,0
BRDA:38,34,0,0
BRDA:38,35,0,8
BRDA:38,36,0,0
BRDA:38,37,0,7
BRDA:38,38,0,5
BRDA:38,39,0,3
BRDA:38,40,0,0
BRDA:38,41,0,3
BRDA:38,42,0,0
BRDA:38,43,0,0
BRDA:38,44,0,0
BRDA:38,45,0,22
BRDA:38,46,0,1
BRDA:38,47,0,22
BRDA:38,48,0,5
BRDA:38,49,0,1
BRDA:38,50,0,4
BRDA:38,51,0,0
BRDA:38,52,0,1
BRDA:38,53,0,0
BRDA:12,54,0,1
BRDA:13,55,0,3
BRDA:18,56,0,5
BRDA:38,57,0,5
BRDA:38,58,0,22
BRDA:19,59,0,5
BRDA:38,60,0,5
BRDA:21,61,0,1
BRDA:23,62,0,4
BRDA:25,63,0,3
BRDA:25,64,0,1
BRDA:38,65,0,1
BRDA:29,66,0,4
BRDA:38,67,0,4
BRDA:38,68,0,4
BRF:69
BRH:49
end_of_record
TN:
SF:src/modules/users/services/createUserService.ts
FN:40,__decorate
FN:40,__metadata
FN:40,__param
FN:40,__awaiter
FN:40,adopt
FN:40,fulfilled
FN:40,rejected
FN:40,step
FN:40,__generator
FN:40,sent
FN:40,g.<computed>
FN:40,verb
FN:40,step
FN:40,__importDefault
FN:16,CreateUserService
FN:22,CreateUserService.execute
FNF:16
FNH:14
FNDA:2,__decorate
FNDA:2,__metadata
FNDA:4,__param
FNDA:6,__awaiter
FNDA:16,adopt
FNDA:16,fulfilled
FNDA:0,rejected
FNDA:21,step
FNDA:6,__generator
FNDA:16,sent
FNDA:0,g.<computed>
FNDA:18,verb
FNDA:22,step
FNDA:2,__importDefault
FNDA:5,CreateUserService
FNDA:6,CreateUserService.execute
DA:1,1
DA:2,1
DA:3,1
DA:4,1
DA:5,1
DA:6,1
DA:7,1
DA:8,1
DA:9,1
DA:10,1
DA:11,1
DA:12,1
DA:13,1
DA:14,1
DA:15,2
DA:16,2
DA:17,5
DA:18,5
DA:19,5
DA:20,5
DA:21,2
DA:22,2
DA:23,6
DA:24,6
DA:25,6
DA:26,1
DA:27,1
DA:28,5
DA:29,6
DA:30,6
DA:31,6
DA:32,6
DA:33,6
DA:34,6
DA:35,6
DA:36,6
DA:37,6
DA:38,2
DA:39,1
DA:40,1
LF:40
LH:40
BRDA:40,0,0,2
BRDA:40,1,0,2
BRDA:40,2,0,0
BRDA:40,3,0,0
BRDA:40,4,0,0
BRDA:40,5,0,0
BRDA:40,6,0,2
BRDA:40,7,0,4
BRDA:40,8,0,4
BRDA:40,9,0,6
BRDA:40,10,0,16
BRDA:40,11,0,0
BRDA:40,12,0,6
BRDA:40,13,0,16
BRDA:40,14,0,1
BRDA:40,15,0,21
BRDA:40,16,0,5
BRDA:40,17,0,16
BRDA:40,18,0,6
BRDA:40,19,0,16
BRDA:40,20,0,0
BRDA:40,21,0,18
BRDA:40,22,0,22
BRDA:40,23,0,22
BRDA:40,24,0,0
BRDA:40,25,0,44
BRDA:40,26,0,0
BRDA:40,27,0,0
BRDA:40,28,0,0
BRDA:40,29,0,0
BRDA:40,30,0,22
BRDA:40,31,0,22
BRDA:40,32,0,16
BRDA:40,33,0,0
BRDA:40,34,0,0
BRDA:40,35,0,6
BRDA:40,36,0,0
BRDA:40,37,0,5
BRDA:40,38,0,0
BRDA:40,39,0,0
BRDA:40,40,0,0
BRDA:40,41,0,0
BRDA:40,42,0,22
BRDA:40,43,0,1
BRDA:40,44,0,22
BRDA:40,45,0,6
BRDA:40,46,0,1
BRDA:40,47,0,5
BRDA:40,48,0,0
BRDA:40,49,0,2
BRDA:40,50,0,0
BRDA:15,51,0,2
BRDA:16,52,0,5
BRDA:22,53,0,6
BRDA:40,54,0,6
BRDA:40,55,0,22
BRDA:23,56,0,6
BRDA:40,57,0,6
BRDA:25,58,0,1
BRDA:27,59,0,5
BRDA:40,60,0,5
BRDA:40,61,0,5
BRF:62
BRH:42
end_of_record
